<?xml version="1.0" encoding="UTF-8"?>
<!-- Generated by org.testng.reporters.JUnitReportReporter -->
<testsuite hostname="LAPTOP-SDLMS57Q" name="com.crm.qa.Test.HomepageTest" tests="2" failures="0" timestamp="1 Sep 2020 03:53:29 GMT" time="5.347" errors="0">
  <testcase name="validatehomepagetitleTest" time="0.114" classname="com.crm.qa.Test.HomepageTest"/>
  <testcase name="contactpageclickTest" time="5.233" classname="com.crm.qa.Test.HomepageTest"/>
</testsuite> <!-- com.crm.qa.Test.HomepageTest -->
