<?xml version="1.0" encoding="UTF-8"?>
<!-- Generated by org.testng.reporters.JUnitReportReporter -->
<testsuite hostname="LAPTOP-SDLMS57Q" name="com.crm.qa.Test.AddNewContactTest" tests="4" failures="0" timestamp="1 Sep 2020 03:53:29 GMT" time="32.589" errors="0">
  <testcase name="contacterstitleTest" time="5.390" classname="com.crm.qa.Test.AddNewContactTest"/>
  <testcase name="autoit" time="15.556" classname="com.crm.qa.Test.AddNewContactTest"/>
  <testcase name="checkboxesTest" time="0.288" classname="com.crm.qa.Test.AddNewContactTest"/>
  <testcase name="filltextboxTest" time="11.355" classname="com.crm.qa.Test.AddNewContactTest"/>
</testsuite> <!-- com.crm.qa.Test.AddNewContactTest -->
